<?xml version="1.0" encoding="UTF-8"?>
<testsuite xmlns:xsi="http://www.w3.org/2001/XMLSchema-instance" xsi:noNamespaceSchemaLocation="https://maven.apache.org/surefire/maven-surefire-plugin/xsd/surefire-test-report-3.0.xsd" version="3.0" name="com.baraq.merchantsystem.MerchantSystemApplicationTests" time="1.813" tests="1" errors="0" skipped="0" failures="0">
  <properties>
[...]
</properties>
  <testcase name="runApiTests" classname="com.baraq.merchantsystem.MerchantSystemApplicationTests" time="1.238">
    <system-out><![CDATA[12:49:00.158 [main] DEBUG org.springframework.boot.test.context.SpringBootTestContextBootstrapper - Neither @ContextConfiguration nor @ContextHierarchy found for test class [MerchantSystemApplicationTests]: using SpringBootContextLoader
12:49:00.160 [main] DEBUG org.springframework.test.context.support.AbstractContextLoader - Could not detect default resource locations for test class [com.baraq.merchantsystem.MerchantSystemApplicationTests]: no resource found for suffixes {-context.xml, Context.groovy}.
12:49:00.160 [main] INFO org.springframework.test.context.support.AnnotationConfigContextLoaderUtils - Could not detect default configuration classes for test class [com.baraq.merchantsystem.MerchantSystemApplicationTests]: MerchantSystemApplicationTests does not declare any static, non-private, non-final, nested classes annotated with @Configuration.
12:49:00.169 [main] DEBUG org.springframework.boot.test.context.SpringBootTestContextBootstrapper - Using ContextCustomizers for test class [MerchantSystemApplicationTests]: [ExcludeFilterContextCustomizer, DuplicateJsonObjectContextCustomizer, MockitoContextCustomizer, TestRestTemplateContextCustomizer, DisableObservabilityContextCustomizer, PropertyMappingContextCustomizer, Customizer]
12:49:00.195 [main] DEBUG org.springframework.context.annotation.ClassPathScanningCandidateComponentProvider - Identified candidate component class: file [/Users/saurabhkumar/personal/repository/postman-test-automation/target/classes/com/baraq/merchantsystem/MerchantSystemApplication.class]
12:49:00.196 [main] INFO org.springframework.boot.test.context.SpringBootTestContextBootstrapper - Found @SpringBootConfiguration com.baraq.merchantsystem.MerchantSystemApplication for test class com.baraq.merchantsystem.MerchantSystemApplicationTests
12:49:00.222 [main] DEBUG org.springframework.test.context.util.TestContextSpringFactoriesUtils - Skipping candidate TestExecutionListener [org.springframework.test.context.transaction.TransactionalTestExecutionListener] due to a missing dependency. Specify custom TestExecutionListener classes or make the default TestExecutionListener classes and their required dependencies available. Offending class: [org/springframework/transaction/interceptor/TransactionAttributeSource]
12:49:00.223 [main] DEBUG org.springframework.test.context.util.TestContextSpringFactoriesUtils - Skipping candidate TestExecutionListener [org.springframework.test.context.jdbc.SqlScriptsTestExecutionListener] due to a missing dependency. Specify custom TestExecutionListener classes or make the default TestExecutionListener classes and their required dependencies available. Offending class: [org/springframework/transaction/interceptor/TransactionAttribute]
12:49:00.224 [main] DEBUG org.springframework.boot.test.context.SpringBootTestContextBootstrapper - Using TestExecutionListeners for test class [MerchantSystemApplicationTests]: [ServletTestExecutionListener, DirtiesContextBeforeModesTestExecutionListener, ApplicationEventsTestExecutionListener, MockitoTestExecutionListener, DependencyInjectionTestExecutionListener, DirtiesContextTestExecutionListener, EventPublishingTestExecutionListener, ResetMocksTestExecutionListener, RestDocsTestExecutionListener, MockRestServiceServerResetTestExecutionListener, MockMvcPrintOnlyOnFailureTestExecutionListener, WebDriverTestExecutionListener, MockWebServiceServerTestExecutionListener]
12:49:00.224 [main] DEBUG org.springframework.test.context.support.AbstractDirtiesContextTestExecutionListener - Before test class: class [MerchantSystemApplicationTests], class annotated with @DirtiesContext [false] with mode [null]

  .   ____          _            __ _ _
 /\\ / ___'_ __ _ _(_)_ __  __ _ \ \ \ \
( ( )\___ | '_ | '_| | '_ \/ _` | \ \ \ \
 \\/  ___)| |_)| | | | | || (_| |  ) ) ) )
  '  |____| .__|_| |_|_| |_\__, | / / / /
 =========|_|==============|___/=/_/_/_/
 :: Spring Boot ::                (v3.0.0)

2023-08-16T12:49:00.312+05:30  INFO 64431 --- [           main] c.b.m.MerchantSystemApplicationTests     : Starting MerchantSystemApplicationTests using Java 17.0.7 with PID 64431 (started by saurabhkumar in /Users/saurabhkumar/personal/repository/postman-test-automation)
2023-08-16T12:49:00.312+05:30  INFO 64431 --- [           main] c.b.m.MerchantSystemApplicationTests     : No active profile set, falling back to 1 default profile: "default"
2023-08-16T12:49:00.670+05:30  INFO 64431 --- [           main] c.b.m.MerchantSystemApplicationTests     : Started MerchantSystemApplicationTests in 0.434 seconds (process running for 0.747)
]]></system-out>
  </testcase>
</testsuite>